[debug] [2024-11-21T20:02:24.107Z] ----------------------------------------------------------------------
[debug] [2024-11-21T20:02:24.109Z] Command:       C:\Program Files\nodejs\node.exe C:\Users\elven\AppData\Roaming\npm\node_modules\firebase-tools\lib\bin\firebase.js init
[debug] [2024-11-21T20:02:24.109Z] CLI Version:   13.26.0
[debug] [2024-11-21T20:02:24.109Z] Platform:      win32
[debug] [2024-11-21T20:02:24.109Z] Node Version:  v20.9.0
[debug] [2024-11-21T20:02:24.110Z] Time:          Thu Nov 21 2024 15:02:24 GMT-0500 (Eastern Standard Time)
[debug] [2024-11-21T20:02:24.110Z] ----------------------------------------------------------------------
[debug] 
[debug] [2024-11-21T20:02:24.159Z] > command requires scopes: ["email","openid","https://www.googleapis.com/auth/cloudplatformprojects.readonly","https://www.googleapis.com/auth/firebase","https://www.googleapis.com/auth/cloud-platform"]
[debug] [2024-11-21T20:02:24.160Z] > authorizing via signed-in user (elvenli54@gmail.com)
[info] 
     ######## #### ########  ######## ########     ###     ######  ########
     ##        ##  ##     ## ##       ##     ##  ##   ##  ##       ##
     ######    ##  ########  ######   ########  #########  ######  ######
     ##        ##  ##    ##  ##       ##     ## ##     ##       ## ##
     ##       #### ##     ## ######## ########  ##     ##  ######  ########

You're about to initialize a Firebase project in this directory:

  C:\Users\elven\Documents\GitHub\PersonalWebsite

Before we get started, keep in mind:

  * You are initializing within an existing Firebase project directory

[info] 
=== Project Setup
[info] 
[info] First, let's associate this project directory with a Firebase project.
[info] You can create multiple project aliases by running firebase use --add, 
[info] but for now we'll just set up a default project.
[info] 
[debug] [2024-11-21T20:02:30.552Z] Using project from CLI flag: personalwebsite-5ce11
[debug] [2024-11-21T20:02:30.553Z] Checked if tokens are valid: false, expires at: 1732216951161
[debug] [2024-11-21T20:02:30.553Z] Checked if tokens are valid: false, expires at: 1732216951161
[debug] [2024-11-21T20:02:30.553Z] > refreshing access token with scopes: []
[debug] [2024-11-21T20:02:30.555Z] >>> [apiv2][query] POST https://www.googleapis.com/oauth2/v3/token [none]
[debug] [2024-11-21T20:02:30.555Z] >>> [apiv2][body] POST https://www.googleapis.com/oauth2/v3/token [omitted]
[debug] [2024-11-21T20:02:30.679Z] <<< [apiv2][status] POST https://www.googleapis.com/oauth2/v3/token 200
[debug] [2024-11-21T20:02:30.679Z] <<< [apiv2][body] POST https://www.googleapis.com/oauth2/v3/token [omitted]
[debug] [2024-11-21T20:02:30.687Z] >>> [apiv2][query] GET https://firebase.googleapis.com/v1beta1/projects/personalwebsite-5ce11 [none]
[debug] [2024-11-21T20:02:30.938Z] <<< [apiv2][status] GET https://firebase.googleapis.com/v1beta1/projects/personalwebsite-5ce11 200
[debug] [2024-11-21T20:02:30.938Z] <<< [apiv2][body] GET https://firebase.googleapis.com/v1beta1/projects/personalwebsite-5ce11 {"projectId":"personalwebsite-5ce11","projectNumber":"1085940033612","displayName":"PersonalWebsite","name":"projects/personalwebsite-5ce11","resources":{"hostingSite":"personalwebsite-5ce11"},"state":"ACTIVE","etag":"1_0f37c5bf-8074-4065-b601-6296713f1f0f"}
[info] i  Using project personalwebsite-5ce11 (PersonalWebsite) 
[info] 
=== Hosting Setup
[debug] [2024-11-21T20:02:30.943Z] Checked if tokens are valid: true, expires at: 1732222949679
[debug] [2024-11-21T20:02:30.943Z] Checked if tokens are valid: true, expires at: 1732222949679
[debug] [2024-11-21T20:02:30.943Z] >>> [apiv2][query] GET https://firebase.googleapis.com/v1beta1/projects/personalwebsite-5ce11 [none]
[debug] [2024-11-21T20:02:31.088Z] <<< [apiv2][status] GET https://firebase.googleapis.com/v1beta1/projects/personalwebsite-5ce11 200
[debug] [2024-11-21T20:02:31.088Z] <<< [apiv2][body] GET https://firebase.googleapis.com/v1beta1/projects/personalwebsite-5ce11 {"projectId":"personalwebsite-5ce11","projectNumber":"1085940033612","displayName":"PersonalWebsite","name":"projects/personalwebsite-5ce11","resources":{"hostingSite":"personalwebsite-5ce11"},"state":"ACTIVE","etag":"1_0f37c5bf-8074-4065-b601-6296713f1f0f"}
[info] 
[info] Your public directory is the folder (relative to your project directory) that
[info] will contain Hosting assets to be uploaded with firebase deploy. If you
[info] have a build process for your assets, use your build's output directory.
[info] 
[info] +  Wrote build/404.html 
[debug] [2024-11-21T20:02:39.707Z] >>> [apiv2][query] GET https://www.gstatic.com/firebasejs/releases.json [none]
[debug] [2024-11-21T20:02:39.733Z] <<< [apiv2][status] GET https://www.gstatic.com/firebasejs/releases.json 200
[debug] [2024-11-21T20:02:39.733Z] <<< [apiv2][body] GET https://www.gstatic.com/firebasejs/releases.json {"current":{"version":"11.0.2","browserURL":"https://www.gstatic.com/firebasejs/11.0.2/firebase.js","packageURL":"https://www.gstatic.com/firebasejs/11.0.2/firebase.tgz"},"live":{"version":"11.0","browserURL":"https://www.gstatic.com/firebasejs/live/11.0/firebase.js","packageURL":"https://www.gstatic.com/firebasejs/live/11.0/firebase.tgz"},"components":{"analytics":"https://www.gstatic.com/firebasejs/11.0.2/firebase-analytics.js","app":"https://www.gstatic.com/firebasejs/11.0.2/firebase-app.js","app-check":"https://www.gstatic.com/firebasejs/11.0.2/firebase-app-check.js","auth":"https://www.gstatic.com/firebasejs/11.0.2/firebase-auth.js","auth/cordova":"https://www.gstatic.com/firebasejs/11.0.2/firebase-auth/cordova.js","auth/web-extension":"https://www.gstatic.com/firebasejs/11.0.2/firebase-auth/web-extension.js","functions":"https://www.gstatic.com/firebasejs/11.0.2/firebase-functions.js","firestore":"https://www.gstatic.com/firebasejs/11.0.2/firebase-firestore.js","firestore/lite":"https://www.gstatic.com/firebasejs/11.0.2/firebase-firestore/lite.js","installations":"https://www.gstatic.com/firebasejs/11.0.2/firebase-installations.js","storage":"https://www.gstatic.com/firebasejs/11.0.2/firebase-storage.js","performance":"https://www.gstatic.com/firebasejs/11.0.2/firebase-performance.js","remote-config":"https://www.gstatic.com/firebasejs/11.0.2/firebase-remote-config.js","messaging":"https://www.gstatic.com/firebasejs/11.0.2/firebase-messaging.js","messaging/sw":"https://www.gstatic.com/firebasejs/11.0.2/firebase-messaging/sw.js","database":"https://www.gstatic.com/firebasejs/11.0.2/firebase-database.js","vertexai":"https://www.gstatic.com/firebasejs/11.0.2/firebase-vertexai.js","data-connect":"https://www.gstatic.com/firebasejs/11.0.2/firebase-data-connect.js","firestore.memory":"https://www.gstatic.com/firebasejs/11.0.2/firebase-firestore.memory.js"}}
[info] i  Skipping write of build/index.html 
[info] 
[info] i  Detected a .git folder at C:\Users\elven\Documents\GitHub\PersonalWebsite 
[info] i  Authorizing with GitHub to upload your service account to a GitHub repository's secrets store. 
[info] 
[info] Visit this URL on this device to log in:
[info] https://github.com/login/oauth/authorize?client_id=89cf50f02ac6aaed3484&state=192557582&redirect_uri=http%3A%2F%2Flocalhost%3A9005&scope=read%3Auser%20repo%20public_repo
[info] 
[info] Waiting for authentication...
[debug] [2024-11-21T20:02:46.554Z] Error: spawn cmd ENOENT
    at ChildProcess._handle.onexit (node:internal/child_process:286:19)
    at onErrorNT (node:internal/child_process:484:16)
    at process.processTicksAndRejections (node:internal/process/task_queues:82:21)
[error] 
[error] Error: An unexpected error has occurred.
